<?xml version="1.0" encoding="UTF-8"?>
<testsuite xmlns:xsi="http://www.w3.org/2001/XMLSchema-instance" xsi:noNamespaceSchemaLocation="https://maven.apache.org/surefire/maven-surefire-plugin/xsd/surefire-test-report-3.0.xsd" version="3.0" name="com.mycompany.quickchat_part2.MessageTest" time="0.088" tests="4" errors="0" skipped="0" failures="0">
  <properties>
[...]
</properties>
  <testcase name="testRecipientCellFailure" classname="com.mycompany.quickchat_part2.MessageTest" time="0.01"/>
  <testcase name="testMessageLengthSuccess" classname="com.mycompany.quickchat_part2.MessageTest" time="0.005">
    <system-out><![CDATA[Message ready to send.
]]></system-out>
  </testcase>
  <testcase name="testMessageLengthFailure" classname="com.mycompany.quickchat_part2.MessageTest" time="0.001">
    <system-out><![CDATA[Message exceeds 250 characters by 730; please reduce the size.
]]></system-out>
  </testcase>
  <testcase name="testRecipientCellSuccess" classname="com.mycompany.quickchat_part2.MessageTest" time="0.0"/>
</testsuite>